INFO 2025-12-21 17:11:40 db_utils.py:102 [1m[34mLogs will be synced with wandb.[0m
INFO 2025-12-21 17:11:40 db_utils.py:103 Track this run --> [1m[33mhttps://wandb.ai/meghanam4-hack-club/lerobot/runs/fj768rxr[0m
INFO 2025-12-21 17:11:40 ot_train.py:183 Creating dataset
INFO 2025-12-21 17:11:41 ot_train.py:202 Creating policy
Loading weights from local directory
INFO 2025-12-21 17:11:42 ot_train.py:247 Creating optimizer and scheduler
INFO 2025-12-21 17:11:43 ot_train.py:259 [1m[33mOutput dir:[0m outputs/train/phone67modelv3
INFO 2025-12-21 17:11:43 ot_train.py:262 cfg.steps=6000 (6K)
INFO 2025-12-21 17:11:43 ot_train.py:263 dataset.num_frames=107896 (108K)
INFO 2025-12-21 17:11:43 ot_train.py:264 dataset.num_episodes=606
INFO 2025-12-21 17:11:43 ot_train.py:267 Effective batch size: 64 x 1 = 64
INFO 2025-12-21 17:11:43 ot_train.py:268 num_learnable_params=51597190 (52M)
INFO 2025-12-21 17:11:43 ot_train.py:269 num_total_params=51597190 (52M)
INFO 2025-12-21 17:11:43 ot_train.py:324 Start offline training on a fixed dataset
INFO 2025-12-21 17:13:59 ot_train.py:351 step:2K smpl:141K ep:791 epch:1.30 loss:0.392 grdn:12.867 lr:1.0e-05 updt_s:0.645 data_s:0.032
INFO 2025-12-21 17:15:19 ot_train.py:351 step:2K smpl:154K ep:863 epch:1.42 loss:0.349 grdn:12.241 lr:1.0e-05 updt_s:0.389 data_s:0.014
INFO 2025-12-21 17:16:40 ot_train.py:351 step:3K smpl:166K ep:935 epch:1.54 loss:0.309 grdn:11.320 lr:1.0e-05 updt_s:0.388 data_s:0.014
INFO 2025-12-21 17:18:00 ot_train.py:351 step:3K smpl:179K ep:1K epch:1.66 loss:0.282 grdn:10.718 lr:1.0e-05 updt_s:0.389 data_s:0.014
INFO 2025-12-21 17:19:21 ot_train.py:351 step:3K smpl:192K ep:1K epch:1.78 loss:0.259 grdn:10.614 lr:1.0e-05 updt_s:0.388 data_s:0.014
INFO 2025-12-21 17:20:41 ot_train.py:351 step:3K smpl:205K ep:1K epch:1.90 loss:0.236 grdn:9.793 lr:1.0e-05 updt_s:0.387 data_s:0.014
INFO 2025-12-21 17:22:01 ot_train.py:351 step:3K smpl:218K ep:1K epch:2.02 loss:0.216 grdn:9.243 lr:1.0e-05 updt_s:0.387 data_s:0.014
INFO 2025-12-21 17:23:21 ot_train.py:351 step:4K smpl:230K ep:1K epch:2.14 loss:0.203 grdn:8.929 lr:1.0e-05 updt_s:0.386 data_s:0.014
INFO 2025-12-21 17:25:22 ot_train.py:351 step:4K smpl:243K ep:1K epch:2.25 loss:0.187 grdn:8.602 lr:1.0e-05 updt_s:0.564 data_s:0.038
INFO 2025-12-21 17:26:41 ot_train.py:351 step:4K smpl:256K ep:1K epch:2.37 loss:0.175 grdn:8.624 lr:1.0e-05 updt_s:0.385 data_s:0.014
INFO 2025-12-21 17:28:01 ot_train.py:351 step:4K smpl:269K ep:2K epch:2.49 loss:0.165 grdn:8.097 lr:1.0e-05 updt_s:0.386 data_s:0.014
INFO 2025-12-21 17:29:21 ot_train.py:351 step:4K smpl:282K ep:2K epch:2.61 loss:0.159 grdn:7.837 lr:1.0e-05 updt_s:0.386 data_s:0.014
INFO 2025-12-21 17:30:41 ot_train.py:351 step:5K smpl:294K ep:2K epch:2.73 loss:0.148 grdn:7.570 lr:1.0e-05 updt_s:0.386 data_s:0.014
INFO 2025-12-21 17:32:01 ot_train.py:351 step:5K smpl:307K ep:2K epch:2.85 loss:0.139 grdn:7.067 lr:1.0e-05 updt_s:0.386 data_s:0.014
INFO 2025-12-21 17:33:21 ot_train.py:351 step:5K smpl:320K ep:2K epch:2.97 loss:0.132 grdn:6.863 lr:1.0e-05 updt_s:0.385 data_s:0.014
INFO 2025-12-21 17:34:41 ot_train.py:351 step:5K smpl:333K ep:2K epch:3.08 loss:0.126 grdn:6.924 lr:1.0e-05 updt_s:0.386 data_s:0.014
INFO 2025-12-21 17:36:08 ot_train.py:351 step:5K smpl:346K ep:2K epch:3.20 loss:0.125 grdn:6.998 lr:1.0e-05 updt_s:0.385 data_s:0.047
INFO 2025-12-21 17:37:27 ot_train.py:351 step:6K smpl:358K ep:2K epch:3.32 loss:0.116 grdn:6.570 lr:1.0e-05 updt_s:0.386 data_s:0.014
INFO 2025-12-21 17:38:47 ot_train.py:351 step:6K smpl:371K ep:2K epch:3.44 loss:0.110 grdn:6.086 lr:1.0e-05 updt_s:0.385 data_s:0.014
INFO 2025-12-21 17:40:07 ot_train.py:351 step:6K smpl:384K ep:2K epch:3.56 loss:0.109 grdn:5.754 lr:1.0e-05 updt_s:0.385 data_s:0.014
INFO 2025-12-21 17:40:07 ot_train.py:361 Checkpoint policy after step 6000
INFO 2025-12-21 17:40:08 ot_train.py:430 End of training
Traceback (most recent call last):
  File "/opt/venv/lib/python3.12/site-packages/huggingface_hub/utils/_http.py", line 407, in hf_raise_for_status
    response.raise_for_status()
  File "/opt/venv/lib/python3.12/site-packages/requests/models.py", line 1026, in raise_for_status
    raise HTTPError(http_error_msg, response=self)
requests.exceptions.HTTPError: 403 Client Error: Forbidden for url: https://huggingface.co/api/models/MeghanaM4/phone67modelv3/xet-write-token/main

The above exception was the direct cause of the following exception:

Traceback (most recent call last):
  File "/opt/venv/bin/lerobot-train", line 7, in <module>
    sys.exit(main())
             ^^^^^^
  File "/workspace/lerobot/src/lerobot/scripts/lerobot_train.py", line 444, in main
    train()
  File "/workspace/lerobot/src/lerobot/configs/parser.py", line 233, in wrapper_inner
    response = fn(cfg, *args, **kwargs)
               ^^^^^^^^^^^^^^^^^^^^^^^^
  File "/workspace/lerobot/src/lerobot/scripts/lerobot_train.py", line 434, in train
    unwrapped_policy.push_model_to_hub(cfg)
  File "/workspace/lerobot/src/lerobot/policies/pretrained.py", line 228, in push_model_to_hub
    commit_info = api.upload_folder(
                  ^^^^^^^^^^^^^^^^^^
  File "/opt/venv/lib/python3.12/site-packages/huggingface_hub/utils/_validators.py", line 114, in _inner_fn
    return fn(*args, **kwargs)
           ^^^^^^^^^^^^^^^^^^^
  File "/opt/venv/lib/python3.12/site-packages/huggingface_hub/hf_api.py", line 1669, in _inner
    return fn(self, *args, **kwargs)
           ^^^^^^^^^^^^^^^^^^^^^^^^^
  File "/opt/venv/lib/python3.12/site-packages/huggingface_hub/hf_api.py", line 4993, in upload_folder
    commit_info = self.create_commit(
                  ^^^^^^^^^^^^^^^^^^^
  File "/opt/venv/lib/python3.12/site-packages/huggingface_hub/utils/_validators.py", line 114, in _inner_fn
    return fn(*args, **kwargs)
           ^^^^^^^^^^^^^^^^^^^
  File "/opt/venv/lib/python3.12/site-packages/huggingface_hub/hf_api.py", line 1669, in _inner
    return fn(self, *args, **kwargs)
           ^^^^^^^^^^^^^^^^^^^^^^^^^
  File "/opt/venv/lib/python3.12/site-packages/huggingface_hub/hf_api.py", line 4250, in create_commit
    self.preupload_lfs_files(
  File "/opt/venv/lib/python3.12/site-packages/huggingface_hub/hf_api.py", line 4534, in preupload_lfs_files
    _upload_xet_files(**upload_kwargs, create_pr=create_pr)  # type: ignore [arg-type]
    ^^^^^^^^^^^^^^^^^^^^^^^^^^^^^^^^^^^^^^^^^^^^^^^^^^^^^^^
  File "/opt/venv/lib/python3.12/site-packages/huggingface_hub/utils/_validators.py", line 114, in _inner_fn
    return fn(*args, **kwargs)
           ^^^^^^^^^^^^^^^^^^^
  File "/opt/venv/lib/python3.12/site-packages/huggingface_hub/_commit_api.py", line 538, in _upload_xet_files
    xet_connection_info = fetch_xet_connection_info_from_repo_info(
                          ^^^^^^^^^^^^^^^^^^^^^^^^^^^^^^^^^^^^^^^^^
  File "/opt/venv/lib/python3.12/site-packages/huggingface_hub/utils/_validators.py", line 114, in _inner_fn
    return fn(*args, **kwargs)
           ^^^^^^^^^^^^^^^^^^^
  File "/opt/venv/lib/python3.12/site-packages/huggingface_hub/utils/_xet.py", line 158, in fetch_xet_connection_info_from_repo_info
    return _fetch_xet_connection_info_with_url(url, headers, params)
           ^^^^^^^^^^^^^^^^^^^^^^^^^^^^^^^^^^^^^^^^^^^^^^^^^^^^^^^^^
  File "/opt/venv/lib/python3.12/site-packages/huggingface_hub/utils/_validators.py", line 114, in _inner_fn
    return fn(*args, **kwargs)
           ^^^^^^^^^^^^^^^^^^^
  File "/opt/venv/lib/python3.12/site-packages/huggingface_hub/utils/_xet.py", line 187, in _fetch_xet_connection_info_with_url
    hf_raise_for_status(resp)
  File "/opt/venv/lib/python3.12/site-packages/huggingface_hub/utils/_http.py", line 471, in hf_raise_for_status
    raise _format(HfHubHTTPError, message, response) from e
huggingface_hub.errors.HfHubHTTPError: (Request ID: Root=1-694830f9-11c3316b69e339941a24ce4f;7e353451-911f-4a7d-affa-bc279f05e6b8)

403 Forbidden: Forbidden: pass `create_pr=1` as a query parameter to create a Pull Request.
Cannot access content at: https://huggingface.co/api/models/MeghanaM4/phone67modelv3/xet-write-token/main.
Make sure your token has the correct permissions.
